<?xml version="1.0" encoding="UTF-8"?>
<beans xmlns="http://www.springframework.org/schema/beans"
       xmlns:xsi="http://www.w3.org/2001/XMLSchema-instance"
       xmlns:context="http://www.springframework.org/schema/context"
       xsi:schemaLocation="
           http://www.springframework.org/schema/beans
           http://www.springframework.org/schema/beans/spring-beans-2.5.xsd
           http://www.springframework.org/schema/context
           http://www.springframework.org/schema/context/spring-context-2.5.xsd">

    <import resource="classpath:spring/data-access-config.xml" />
    <import resource="classpath:spring/web-config.xml" />

    <bean id="ourHotel" class="com.jakubadamek.robotemil.OurHotel">
        <constructor-arg value="0"/>
        <property name="webStructs">
            <list>
                <bean class="com.jakubadamek.robotemil.WebStruct">
                    <property name="params">
                        <bean class="com.jakubadamek.robotemil.WebParams">
                            <property name="enabled" value="true"/>
                            <property name="excelName" value="aha"/>
                        </bean>
                    </property>
                </bean>
                <bean class="com.jakubadamek.robotemil.WebStruct">
                    <property name="params">
                        <bean class="com.jakubadamek.robotemil.WebParams">
                            <property name="enabled" value="true"/>
                            <property name="excelName" value="haha"/>
                        </bean>
                    </property>
                </bean>
            </list>
        </property>
    </bean>

    <bean id="app" class="com.jakubadamek.robotemil.App">
        <property name="threadCount" value="1"/>
        <property name="customers" ref="testCustomers"/>
        <property name="priceService" ref="priceService"/>
        <property name="settingsService" ref="settingsService"/>
    </bean>  

    <bean id="testCustomers" class="com.jakubadamek.robotemil.Customers">
        <property name="app" ref="app"/>
        <property name="customers">
            <map>
                <entry key="TESTHOTEL">
                    <bean class="com.jakubadamek.robotemil.SettingsModel">
                        <property name="customer" value="Jalta"/>
                        <property name="appTitle" value="Robot Emil"/>
                        <property name="excelFile" value="robotemil"/>
                        <property name="ourHotelNames">
                            <list>
                                <value>Jalta</value>
                                <value>Alta</value>
                            </list>
                        </property>
                        <property name="webStructs">
                            <list>
                                <ref bean="bookingCom"/>
                                <ref bean="lastminuteEs"/>
                                <ref bean="hrsCom"/>
                            </list>
                        </property>
                    </bean>                    
                </entry>
            </map>
        </property>
    </bean>    
</beans>